0 verbose cli /home/renan/.nvm/versions/node/v18.17.0/bin/node /home/renan/.nvm/versions/node/v18.17.0/bin/npm
1 info using npm@9.6.7
2 info using node@v18.17.0
3 timing npm:load:whichnode Completed in 1ms
4 timing config:load:defaults Completed in 1ms
5 timing config:load:file:/home/renan/.nvm/versions/node/v18.17.0/lib/node_modules/npm/npmrc Completed in 2ms
6 timing config:load:builtin Completed in 2ms
7 timing config:load:cli Completed in 2ms
8 timing config:load:env Completed in 0ms
9 timing config:load:file:/home/renan/k2/hpt-validator-k2/.npmrc Completed in 0ms
10 timing config:load:project Completed in 3ms
11 timing config:load:file:/home/renan/.npmrc Completed in 1ms
12 timing config:load:user Completed in 1ms
13 timing config:load:file:/home/renan/.nvm/versions/node/v18.17.0/etc/npmrc Completed in 1ms
14 timing config:load:global Completed in 1ms
15 timing config:load:setEnvs Completed in 0ms
16 timing config:load Completed in 10ms
17 timing npm:load:configload Completed in 10ms
18 timing npm:load:mkdirpcache Completed in 1ms
19 timing npm:load:mkdirplogs Completed in 0ms
20 verbose title npm run build
21 verbose argv "run" "build"
22 timing npm:load:setTitle Completed in 0ms
23 timing config:load:flatten Completed in 1ms
24 timing npm:load:display Completed in 3ms
25 verbose logfile logs-max:10 dir:/home/renan/k2/hpt-validator-k2/.npm/_logs/2024-06-02T17_15_16_821Z-
26 verbose logfile /home/renan/k2/hpt-validator-k2/.npm/_logs/2024-06-02T17_15_16_821Z-debug-0.log
27 timing npm:load:logFile Completed in 6ms
28 timing npm:load:timers Completed in 0ms
29 timing npm:load:configScope Completed in 0ms
30 timing npm:load Completed in 21ms
31 silly logfile done cleaning log files
32 timing command:run Completed in 2618ms
33 verbose exit 0
34 timing npm Completed in 2649ms
35 info ok
