0 verbose cli /home/renan/.nvm/versions/node/v18.17.0/bin/node /home/renan/.nvm/versions/node/v18.17.0/lib/node_modules/npm/bin/npm-cli.js
1 info using npm@9.6.7
2 info using node@v18.17.0
3 timing npm:load:whichnode Completed in 1ms
4 timing config:load:defaults Completed in 1ms
5 timing config:load:file:/home/renan/.nvm/versions/node/v18.17.0/lib/node_modules/npm/npmrc Completed in 1ms
6 timing config:load:builtin Completed in 1ms
7 timing config:load:cli Completed in 2ms
8 timing config:load:env Completed in 0ms
9 timing config:load:file:/home/renan/k2/hpt-validator-k2/.npmrc Completed in 0ms
10 timing config:load:project Completed in 2ms
11 timing config:load:file:/home/renan/.npmrc Completed in 1ms
12 timing config:load:user Completed in 2ms
13 timing config:load:file:/home/renan/.nvm/versions/node/v18.17.0/etc/npmrc Completed in 0ms
14 timing config:load:global Completed in 0ms
15 timing config:load:setEnvs Completed in 0ms
16 timing config:load Completed in 9ms
17 timing npm:load:configload Completed in 9ms
18 timing npm:load:mkdirpcache Completed in 1ms
19 timing npm:load:mkdirplogs Completed in 0ms
20 verbose title npm exec tsc
21 verbose argv "exec" "--" "tsc"
22 timing npm:load:setTitle Completed in 1ms
23 timing config:load:flatten Completed in 2ms
24 timing npm:load:display Completed in 2ms
25 verbose logfile logs-max:10 dir:/home/renan/k2/hpt-validator-k2/.npm/_logs/2024-06-02T16_31_20_459Z-
26 verbose logfile /home/renan/k2/hpt-validator-k2/.npm/_logs/2024-06-02T16_31_20_459Z-debug-0.log
27 timing npm:load:logFile Completed in 6ms
28 timing npm:load:timers Completed in 0ms
29 timing npm:load:configScope Completed in 0ms
30 timing npm:load Completed in 20ms
31 silly logfile done cleaning log files
32 http fetch GET 200 https://registry.npmjs.org/npm 969ms (cache miss)
33 timing command:exec Completed in 2493ms
34 notice
34 notice New [31mmajor[39m version of npm available! [31m9.6.7[39m -> [32m10.8.1[39m
34 notice Changelog: [36mhttps://github.com/npm/cli/releases/tag/v10.8.1[39m
34 notice Run [32mnpm install -g npm@10.8.1[39m to update!
34 notice
35 verbose exit 0
36 timing npm Completed in 2623ms
37 info ok
